Arguments: 
  /usr/local/bin/node /usr/local/Cellar/yarn/1.9.4/libexec/bin/yarn.js

PATH: 
  /opt/local/bin:/opt/local/sbin:/Library/Frameworks/Python.framework/Versions/3.5/bin:/usr/local/bin:/usr/bin:/bin:/usr/sbin:/sbin

Yarn version: 
  1.9.4

Node version: 
  8.11.4

Platform: 
  darwin x64

Trace: 
  SyntaxError: /Users/stianismar/Dropbox/gitProjects/it2810-webutvikling-h18-prosjekt-3-38/package.json: Unexpected string in JSON at position 722
      at JSON.parse (<anonymous>)
      at /usr/local/Cellar/yarn/1.9.4/libexec/lib/cli.js:1130:59
      at Generator.next (<anonymous>)
      at step (/usr/local/Cellar/yarn/1.9.4/libexec/lib/cli.js:92:30)
      at /usr/local/Cellar/yarn/1.9.4/libexec/lib/cli.js:103:13
      at <anonymous>

npm manifest: 
  {
    "name": "empty-project-template",
    "main": "./EntryFile.js",
    "private": true,
    "npm": {
      "assets": [
        "./assets/fonts"
      ]
    },
    "scripts": {
      "start": "expo start",
      "android": "expo start --android",
      "ios": "expo start --ios",
      "eject": "expo eject",
      "test": "jest"
    },
    "dependencies": {
      "@fortawesome/fontawesome-svg-core": "^1.2.4",
      "@fortawesome/free-solid-svg-icons": "^5.3.1",
      "@fortawesome/react-fontawesome": "^0.1.3",
      "expo": "^30.0.1",
      "expo-cli": "^2.2.0",
      "global": "^4.3.2",
      "jest": "^23.6.0",
      "react": "16.3.1",
      "react-native": "https://github.com/expo/react-native/archive/sdk-30.0.0.tar.gz",
      "styled-components": "^3.4.9"
      "react-native-cli": "^2.0.1",
      "react-native-material-ui": "^1.30.1"
    },
    "devDependencies": {
      "enzyme": "^3.6.0",
      "enzyme-adapter-react-16": "^1.5.0",
      "enzyme-to-json": "^3.3.4",
      "jest-expo": "^30.0.0"
    },
    "jest": {
      "preset": "jest-expo",
      "snapshotSerializers": [
        "enzyme-to-json/serializer"
      ],
      "setupFiles": [
        "<rootDir>/src/testSetup.js"
      ]
    }
  }

yarn manifest: 
  No manifest

Lockfile: 
  
